04/08/2022 10:54:06 AM Search application started
04/08/2022 10:54:06 AM 
04/08/2022 10:55:30 AM Search application started
04/08/2022 10:55:30 AM 
04/08/2022 10:56:55 AM Search application started
04/08/2022 10:56:55 AM Indexed files:

04/08/2022 10:56:55 AM 
04/08/2022 10:59:04 AM Search application started
04/08/2022 10:59:04 AM Indexed files:

04/08/2022 10:59:04 AM 
04/08/2022 11:00:31 AM Search application started
04/08/2022 11:00:31 AM Indexed files:

04/08/2022 11:00:31 AM 
04/08/2022 11:02:11 AM Search application started
04/08/2022 11:02:23 AM Search application started
04/08/2022 11:03:34 AM Search application started
04/08/2022 11:03:34 AM Indexed files:

04/08/2022 11:03:34 AM 
04/08/2022 11:11:48 AM Search application started
04/08/2022 11:11:48 AM Indexed files:

04/08/2022 11:11:48 AM 
04/08/2022 11:25:56 AM Search application started
04/08/2022 11:26:15 AM Search application started
04/08/2022 11:26:15 AM Indexed files:

04/08/2022 11:26:15 AM 
04/08/2022 11:27:50 AM Search application started
04/08/2022 11:27:50 AM Indexed files:

04/08/2022 11:27:50 AM 
04/09/2022 12:53:39 PM Search application started
04/09/2022 12:53:39 PM Indexed files:
file2.doc
file4.txt
file6.dat
file5.doc
file3.dat
file1.txt

04/09/2022 12:53:56 PM Search application started
04/09/2022 12:53:56 PM Indexed files:
file2.doc
file4.txt
file6.dat
file5.doc
file3.dat
file1.txt

04/09/2022 12:55:47 PM Search application started
04/09/2022 12:55:47 PM Indexed files:

04/09/2022 12:55:47 PM 
04/09/2022 12:56:53 PM Search application started
04/09/2022 12:56:53 PM Indexed files:
file2.doc
file4.txt
file6.dat
file5.doc
file3.dat
file1.txt

04/09/2022 12:57:13 PM Search application started
04/09/2022 12:57:13 PM Indexed files:

04/09/2022 12:57:13 PM 
04/09/2022 12:58:30 PM Search application started
04/09/2022 12:58:30 PM Indexed files:

04/09/2022 12:58:30 PM 
04/09/2022 12:58:39 PM Search application started
04/09/2022 12:58:39 PM Indexed files:

04/09/2022 12:58:39 PM 
04/09/2022 01:04:36 PM Search application started
04/09/2022 01:04:37 PM Indexed files:

04/09/2022 01:04:37 PM 
04/09/2022 01:05:08 PM Search application started
04/09/2022 01:05:08 PM Indexed files:

04/09/2022 01:05:08 PM 
04/09/2022 01:06:10 PM Search application started
04/09/2022 01:06:40 PM Search application started
04/09/2022 01:08:26 PM Search application started
04/09/2022 01:20:49 PM Search application started
04/09/2022 01:20:49 PM Indexed files:

04/09/2022 01:20:49 PM 
04/09/2022 01:25:20 PM Search application started
04/09/2022 01:25:20 PM Indexed files:

04/09/2022 01:25:20 PM 
04/09/2022 01:25:20 PM 
04/09/2022 01:25:26 PM Search application started
04/09/2022 01:25:26 PM Indexed files:

04/09/2022 01:25:26 PM 
04/09/2022 01:25:26 PM 
04/09/2022 01:30:39 PM Search application started
04/09/2022 01:30:39 PM Indexed files:
file2.doc
file4.txt
file6.dat
file5.doc
file3.dat
file1.txt

04/09/2022 01:30:55 PM Search application started
04/09/2022 01:30:55 PM Indexed files:
file2.doc
file4.txt
file6.dat
file5.doc
file3.dat
file1.txt

04/09/2022 01:31:00 PM Search application started
04/09/2022 01:31:00 PM Indexed files:

04/09/2022 01:31:00 PM 
04/09/2022 01:31:00 PM 
04/09/2022 01:35:30 PM Search application started
04/09/2022 01:36:30 PM Search application started
04/09/2022 01:36:30 PM Indexed files:

04/09/2022 01:36:30 PM 
04/09/2022 01:36:30 PM 
04/09/2022 01:36:53 PM Search application started
04/09/2022 01:36:53 PM Indexed files:

04/09/2022 01:36:53 PM 
04/09/2022 01:36:53 PM 
04/09/2022 01:37:08 PM Search application started
04/09/2022 01:37:08 PM Indexed files:
file2.doc
file4.txt
file6.dat
file5.doc
file3.dat
file1.txt

04/09/2022 01:37:30 PM Search application started
04/09/2022 01:37:30 PM Indexed files:

04/09/2022 01:37:30 PM 
04/09/2022 01:37:30 PM 
04/09/2022 01:37:55 PM Search application started
04/09/2022 01:37:55 PM Indexed files:

04/09/2022 01:37:55 PM 
04/09/2022 01:37:55 PM 
04/09/2022 01:38:23 PM Search application started
04/09/2022 01:38:23 PM Indexed files:

04/09/2022 01:38:23 PM 
04/09/2022 01:38:23 PM 
04/09/2022 01:47:44 PM Search application started
04/09/2022 01:47:44 PM Indexed files:

04/09/2022 01:47:44 PM 
04/09/2022 01:47:44 PM 
04/09/2022 01:47:55 PM Search application started
04/09/2022 01:47:55 PM Indexed files:

04/09/2022 01:47:55 PM 
04/09/2022 01:47:55 PM 
04/09/2022 01:48:55 PM Search application started
04/09/2022 01:48:55 PM Indexed files:
file2.doc
file4.txt
file6.dat
file5.doc
file3.dat
file1.txt

04/09/2022 01:49:23 PM Search application started
04/09/2022 01:49:23 PM Indexed files:
file2.doc
file4.txt
file6.dat
file5.doc
file3.dat
file1.txt

04/09/2022 01:49:38 PM Search application started
04/09/2022 01:49:38 PM Indexed files:
file2.doc
file4.txt
file6.dat
file5.doc
file3.dat
file1.txt

04/09/2022 01:49:41 PM Search application started
04/09/2022 01:49:41 PM Indexed files:
file2.doc
file4.txt
file6.dat
file5.doc
file3.dat
file1.txt

04/09/2022 01:49:57 PM Search application started
04/09/2022 01:49:57 PM Indexed files:

04/09/2022 01:49:57 PM 
04/09/2022 01:49:57 PM 
04/09/2022 01:52:32 PM Search application started
04/09/2022 01:52:32 PM Indexed files:

04/09/2022 01:52:32 PM 
04/09/2022 01:52:32 PM 
04/09/2022 01:52:50 PM Search application started
04/09/2022 01:52:50 PM Indexed files:

04/09/2022 01:52:50 PM 
04/09/2022 01:52:50 PM 
04/09/2022 01:53:55 PM Search application started
04/09/2022 01:53:55 PM Indexed files:

04/09/2022 01:53:55 PM 
04/09/2022 01:53:55 PM 
04/09/2022 01:53:59 PM Search application started
04/09/2022 01:53:59 PM Indexed files:

04/09/2022 01:53:59 PM 
04/09/2022 01:53:59 PM 
04/09/2022 01:54:47 PM Search application started
04/09/2022 01:54:47 PM Indexed files:
file2.doc
file4.txt
file6.dat
file5.doc
file3.dat
file1.txt

04/09/2022 01:58:22 PM Search application started
04/09/2022 01:58:22 PM Indexed files:
file2.doc
file4.txt
file6.dat
file5.doc
file3.dat
file1.txt

04/09/2022 02:00:06 PM Search application started
04/09/2022 02:00:06 PM Indexed files:
file2.doc
file4.txt
file6.dat
file5.doc
file3.dat
file1.txt

04/09/2022 02:04:16 PM Search application started
04/09/2022 02:04:16 PM file2.doc
file4.txt
file6.dat
file5.doc
file3.dat
file1.txt

04/09/2022 02:04:16 PM Indexed files:
file2.doc
file4.txt
file6.dat
file5.doc
file3.dat
file1.txt

04/09/2022 02:04:49 PM Search application started
04/09/2022 02:04:49 PM 
04/09/2022 02:04:49 PM Indexed files:

04/09/2022 02:04:49 PM Indexed words: 

04/09/2022 02:04:49 PM Indexed words: 

04/09/2022 02:10:22 PM Search application started
04/09/2022 02:10:22 PM Indexed files:
file2.doc
file4.txt
file6.dat
file5.doc
file3.dat
file1.txt

04/09/2022 02:13:05 PM Search application started
04/09/2022 02:13:05 PM Indexed files:
file2.doc
file4.txt
file6.dat
file5.doc
file3.dat
file1.txt

04/09/2022 02:15:07 PM Search application started
04/09/2022 02:15:07 PM Indexed files:

04/09/2022 02:15:07 PM Indexed words: 

04/09/2022 02:15:07 PM Indexed words: 

04/09/2022 02:20:08 PM Search application started
04/09/2022 02:20:08 PM Indexed files:
file2.doc
file4.txt
file6.dat
file5.doc
file3.dat
file1.txt

04/09/2022 02:35:56 PM Search application started
04/09/2022 02:35:56 PM Indexed files:
/home/ayaan/module-1-pair-programming-4/exercise/data/file2.doc
/home/ayaan/module-1-pair-programming-4/exercise/data/file4.txt
/home/ayaan/module-1-pair-programming-4/exercise/data/file6.dat
/home/ayaan/module-1-pair-programming-4/exercise/data/file5.doc
/home/ayaan/module-1-pair-programming-4/exercise/data/file3.dat
/home/ayaan/module-1-pair-programming-4/exercise/data/file1.txt

04/09/2022 02:35:58 PM Search application started
04/09/2022 02:35:59 PM Indexed files:
/home/ayaan/module-1-pair-programming-4/exercise/data/file2.doc
/home/ayaan/module-1-pair-programming-4/exercise/data/file4.txt
/home/ayaan/module-1-pair-programming-4/exercise/data/file6.dat
/home/ayaan/module-1-pair-programming-4/exercise/data/file5.doc
/home/ayaan/module-1-pair-programming-4/exercise/data/file3.dat
/home/ayaan/module-1-pair-programming-4/exercise/data/file1.txt

04/09/2022 02:36:10 PM Search application started
04/09/2022 02:36:10 PM Indexed files:
/home/ayaan/module-1-pair-programming-4/exercise/data/file2.doc
/home/ayaan/module-1-pair-programming-4/exercise/data/file4.txt
/home/ayaan/module-1-pair-programming-4/exercise/data/file6.dat
/home/ayaan/module-1-pair-programming-4/exercise/data/file5.doc
/home/ayaan/module-1-pair-programming-4/exercise/data/file3.dat
/home/ayaan/module-1-pair-programming-4/exercise/data/file1.txt

04/09/2022 02:37:38 PM Search application started
04/09/2022 02:37:38 PM Indexed files:
file2.doc/home/ayaan/module-1-pair-programming-4/exercise/data/file2.doc
file4.txt/home/ayaan/module-1-pair-programming-4/exercise/data/file4.txt
file6.dat/home/ayaan/module-1-pair-programming-4/exercise/data/file6.dat
file5.doc/home/ayaan/module-1-pair-programming-4/exercise/data/file5.doc
file3.dat/home/ayaan/module-1-pair-programming-4/exercise/data/file3.dat
file1.txt/home/ayaan/module-1-pair-programming-4/exercise/data/file1.txt

04/09/2022 02:37:54 PM Search application started
04/09/2022 02:37:54 PM Indexed files:
/home/ayaan/module-1-pair-programming-4/exercise/data/file2.doc
/home/ayaan/module-1-pair-programming-4/exercise/data/file4.txt
/home/ayaan/module-1-pair-programming-4/exercise/data/file6.dat
/home/ayaan/module-1-pair-programming-4/exercise/data/file5.doc
/home/ayaan/module-1-pair-programming-4/exercise/data/file3.dat
/home/ayaan/module-1-pair-programming-4/exercise/data/file1.txt

04/09/2022 02:39:17 PM Search application started
04/09/2022 02:39:17 PM Indexed files:
/home/ayaan/module-1-pair-programming-4/exercise/data/file2.doc
/home/ayaan/module-1-pair-programming-4/exercise/data/file4.txt
/home/ayaan/module-1-pair-programming-4/exercise/data/file6.dat
/home/ayaan/module-1-pair-programming-4/exercise/data/file5.doc
/home/ayaan/module-1-pair-programming-4/exercise/data/file3.dat
/home/ayaan/module-1-pair-programming-4/exercise/data/file1.txt

04/09/2022 02:47:11 PM Search application started
04/09/2022 02:47:11 PM Indexed files:
/home/ayaan/module-1-pair-programming-4/exercise/data/file2.doc
/home/ayaan/module-1-pair-programming-4/exercise/data/file4.txt
/home/ayaan/module-1-pair-programming-4/exercise/data/file6.dat
/home/ayaan/module-1-pair-programming-4/exercise/data/file5.doc
/home/ayaan/module-1-pair-programming-4/exercise/data/file3.dat
/home/ayaan/module-1-pair-programming-4/exercise/data/file1.txt

04/09/2022 02:48:04 PM Search application started
04/09/2022 02:48:04 PM Indexed files:
file2.doc
file4.txt
file6.dat
file5.doc
file3.dat
file1.txt

04/09/2022 02:48:12 PM Search application started
04/09/2022 02:48:12 PM Indexed files:
file2.doc
file4.txt
file6.dat
file5.doc
file3.dat
file1.txt

04/09/2022 02:48:26 PM Search application started
04/09/2022 02:48:26 PM Indexed files:
file2.doc
file4.txt
file6.dat
file5.doc
file3.dat
file1.txt

04/09/2022 02:52:03 PM Search application started
04/09/2022 02:52:03 PM Indexed files:
file2.doc
file4.txt
file6.dat
file5.doc
file3.dat
file1.txt

04/09/2022 02:58:34 PM Search application started
04/09/2022 02:58:34 PM Indexed files:
file2.doc
file4.txt
file6.dat
file5.doc
file3.dat
file1.txt

04/09/2022 02:58:50 PM Search application started
04/09/2022 02:58:50 PM Indexed files:
file2.doc
file4.txt
file6.dat
file5.doc
file3.dat
file1.txt

04/09/2022 03:03:12 PM Search application started
04/09/2022 03:03:12 PM Indexed files:
file2.doc
file4.txt
file6.dat
file5.doc
file3.dat
file1.txt

04/09/2022 03:08:49 PM Search application started
04/09/2022 03:08:49 PM Indexed files:
file2.doc
file4.txt
file6.dat
file5.doc
file3.dat
file1.txt

04/09/2022 03:09:53 PM Search application started
04/09/2022 03:09:53 PM Indexed files:

04/09/2022 03:09:53 PM Indexed words: 

04/09/2022 03:09:53 PM Indexed words: 

04/09/2022 03:10:15 PM Search application started
04/09/2022 03:10:15 PM Indexed files:
file2.doc
file4.txt
file6.dat
file5.doc
file3.dat
file1.txt

04/09/2022 03:13:16 PM Search application started
04/09/2022 03:13:16 PM Indexed files:
file2.doc
file4.txt
file6.dat
file5.doc
file3.dat
file1.txt

04/09/2022 03:21:46 PM Search application started
04/09/2022 03:21:46 PM Indexed files:
file2.doc
file4.txt
file6.dat
file5.doc
file3.dat
file1.txt

04/09/2022 03:28:00 PM Search application started
04/09/2022 03:28:00 PM Indexed files:
file2.doc
file4.txt
file6.dat
file5.doc
file3.dat
file1.txt

04/09/2022 03:29:32 PM Search application started
04/09/2022 03:29:32 PM Indexed files:
exercise/data/file2.doc
exercise/data/file4.txt
exercise/data/file6.dat
exercise/data/file5.doc
exercise/data/file3.dat
exercise/data/file1.txt

04/09/2022 03:31:58 PM Search application started
04/09/2022 03:31:58 PM Indexed files:
exercise/data/file2.doc
exercise/data/file4.txt
exercise/data/file6.dat
exercise/data/file5.doc
exercise/data/file3.dat
exercise/data/file1.txt

04/09/2022 03:33:42 PM Search application started
04/09/2022 03:33:42 PM Indexed files:
exercise/data/file2.doc
exercise/data/file4.txt
exercise/data/file6.dat
exercise/data/file5.doc
exercise/data/file3.dat
exercise/data/file1.txt

04/09/2022 03:46:33 PM Search application started
04/09/2022 03:46:33 PM Indexed files:
exercise/data/file2.doc
exercise/data/file4.txt
exercise/data/file6.dat
exercise/data/file5.doc
exercise/data/file3.dat
exercise/data/file1.txt

04/09/2022 04:03:37 PM Search application started
04/09/2022 04:03:37 PM Indexed files:
exercise/data/file2.doc
exercise/data/file4.txt
exercise/data/file6.dat
exercise/data/file5.doc
exercise/data/file3.dat
exercise/data/file1.txt

04/09/2022 04:04:09 PM Search application started
04/09/2022 04:04:09 PM Indexed files:
exercise/data/file2.doc
exercise/data/file4.txt
exercise/data/file6.dat
exercise/data/file5.doc
exercise/data/file3.dat
exercise/data/file1.txt

04/09/2022 04:05:42 PM Search application started
04/09/2022 04:05:42 PM Indexed files:
exercise/data/file2.doc
exercise/data/file4.txt
exercise/data/file6.dat
exercise/data/file5.doc
exercise/data/file3.dat
exercise/data/file1.txt

04/09/2022 04:11:31 PM Search application started
04/09/2022 04:11:31 PM Indexed files:
exercise/data/file2.doc
exercise/data/file4.txt
exercise/data/file6.dat
exercise/data/file5.doc
exercise/data/file3.dat
exercise/data/file1.txt

04/09/2022 04:12:01 PM Search application started
04/09/2022 04:12:01 PM Indexed files:
file2.doc
file4.txt
file6.dat
file5.doc
file3.dat
file1.txt

04/09/2022 04:12:19 PM Search application started
04/09/2022 04:12:19 PM Indexed files:
file2.doc
file4.txt
file6.dat
file5.doc
file3.dat
file1.txt

04/09/2022 04:12:31 PM Search application started
04/09/2022 04:12:31 PM Indexed files:
exercise/data/file2.doc
exercise/data/file4.txt
exercise/data/file6.dat
exercise/data/file5.doc
exercise/data/file3.dat
exercise/data/file1.txt

04/09/2022 04:12:31 PM Indexed words: 
small:[4-5]
prefer:[5-11]
line:[0-2, 1-10, 2-9, 4-13, 5-8]
gold:[1-3]
confused:[2-1, 3-10]
that:[4-8]
across:[4-10, 5-3]
not:[0-4, 3-7, 4-3]
appreciate:[3-8]
and:[3-5]
does:[3-6]
chipmunk:[2-2, 3-13, 4-1]
by:[2-5]
scampers:[0-5, 5-2]
baffled:[2-4]
if:[5-9]
you:[5-10]
a:[0-7, 3-0, 3-3, 3-12, 4-0, 4-4, 4-11]
striped:[1-1, 2-7, 4-6]
or:[5-7]
like:[0-6]
king:[1-11]
was:[2-3]
telephone:[0-1, 1-4, 2-8, 4-12, 5-5]
is:[3-2, 4-2]
being:[3-9]
the:[0-0, 1-0, 1-9, 2-0, 2-6, 5-0, 5-4]
with:[1-2, 3-11]
squirrel:[0-8, 3-1, 3-4, 4-7, 5-1]
wire:[1-5, 5-6]
belongs:[1-6]
to:[1-7]
larry:[1-8]
runs:[0-3, 4-9]

